<?xml version="1.0" encoding="UTF-8"?>
<TestRun id="ec04f890-b076-493e-935a-46f0b00b314c" name="paritoshlouhan@PARITOSH376002 2017-09-09 20:26:11" runUser="NAGARRO\paritoshlouhan" xmlns="http://microsoft.com/schemas/VisualStudio/TeamTest/2010">
  <TestSettings name="Default Test Settings" id="11b8df0a-6d4b-46d4-8483-834879ad0da2">
    <Execution>
      <TestTypeSpecific />
      <AgentRule name="Execution Agents">
      </AgentRule>
    </Execution>
    <Deployment runDeploymentRoot="paritoshlouhan_PARITOSH376002 2017-09-09 20_26_11" />
    <Properties />
  </TestSettings>
  <Times creation="2017-09-09T20:26:11.5461481+05:30" queuing="2017-09-09T20:26:11.8535041+05:30" start="2017-09-09T20:26:11.9616583+05:30" finish="2017-09-09T20:26:12.0330911+05:30" />
  <ResultSummary outcome="Completed">
    <Counters total="2" executed="2" passed="2" error="0" failed="0" timeout="0" aborted="0" inconclusive="0" passedButRunAborted="0" notRunnable="0" notExecuted="0" disconnected="0" warning="0" completed="0" inProgress="0" pending="0" />
  </ResultSummary>
  <TestDefinitions>
    <UnitTest name="TestAddIntegers" storage="d:\shared\project\demoproject\demoproject-test\bin\debug\demoproject-test.dll" id="8542d9c2-5830-2a93-0cf7-7fc2ac0cb6b0">
      <Execution timeOut="1800000" id="567bf955-2f2f-40c4-84aa-a550a26a29e7" />
      <TestMethod codeBase="D:/Shared/Project/demoProject/demoProject-test/bin/Debug/demoProject-test.dll" adapterTypeName="Microsoft.VisualStudio.TestTools.TestTypes.Unit.UnitTestAdapter, Microsoft.VisualStudio.QualityTools.Tips.UnitTest.Adapter, Version=14.0.0.0, Culture=neutral, PublicKeyToken=b03f5f7f11d50a3a" className="demoProject_test.AddTest, demoProject-test, Version=1.0.0.0, Culture=neutral, PublicKeyToken=null" name="TestAddIntegers" />
    </UnitTest>
    <UnitTest name="TestSubtractIntegers" storage="d:\shared\project\demoproject\demoproject-test\bin\debug\demoproject-test.dll" id="c27e89aa-15ec-d9c1-aa2b-3479b6143ad7">
      <Execution timeOut="1800000" id="ebeb6028-544f-4382-80e8-a91bd65dbb3f" />
      <TestMethod codeBase="D:/Shared/Project/demoProject/demoProject-test/bin/Debug/demoProject-test.dll" adapterTypeName="Microsoft.VisualStudio.TestTools.TestTypes.Unit.UnitTestAdapter, Microsoft.VisualStudio.QualityTools.Tips.UnitTest.Adapter, Version=14.0.0.0, Culture=neutral, PublicKeyToken=b03f5f7f11d50a3a" className="demoProject_test.SubtractTest, demoProject-test, Version=1.0.0.0, Culture=neutral, PublicKeyToken=null" name="TestSubtractIntegers" />
    </UnitTest>
  </TestDefinitions>
  <TestLists>
    <TestList name="Results Not in a List" id="8c84fa94-04c1-424b-9868-57a2d4851a1d" />
    <TestList name="All Loaded Results" id="19431567-8539-422a-85d7-44ee4e166bda" />
  </TestLists>
  <TestEntries>
    <TestEntry testId="8542d9c2-5830-2a93-0cf7-7fc2ac0cb6b0" executionId="567bf955-2f2f-40c4-84aa-a550a26a29e7" testListId="8c84fa94-04c1-424b-9868-57a2d4851a1d" />
    <TestEntry testId="c27e89aa-15ec-d9c1-aa2b-3479b6143ad7" executionId="ebeb6028-544f-4382-80e8-a91bd65dbb3f" testListId="8c84fa94-04c1-424b-9868-57a2d4851a1d" />
  </TestEntries>
  <Results>
    <UnitTestResult executionId="567bf955-2f2f-40c4-84aa-a550a26a29e7" testId="8542d9c2-5830-2a93-0cf7-7fc2ac0cb6b0" testName="TestAddIntegers" computerName="PARITOSH376002" duration="00:00:00.0109404" startTime="2017-09-09T20:26:11.9793737+05:30" endTime="2017-09-09T20:26:12.0010160+05:30" testType="13cdc9d9-ddb5-4fa4-a97d-d965ccfc6d4b" outcome="Passed" testListId="8c84fa94-04c1-424b-9868-57a2d4851a1d" relativeResultsDirectory="567bf955-2f2f-40c4-84aa-a550a26a29e7">
    </UnitTestResult>
    <UnitTestResult executionId="ebeb6028-544f-4382-80e8-a91bd65dbb3f" testId="c27e89aa-15ec-d9c1-aa2b-3479b6143ad7" testName="TestSubtractIntegers" computerName="PARITOSH376002" duration="00:00:00.0004005" startTime="2017-09-09T20:26:12.0020443+05:30" endTime="2017-09-09T20:26:12.0031098+05:30" testType="13cdc9d9-ddb5-4fa4-a97d-d965ccfc6d4b" outcome="Passed" testListId="8c84fa94-04c1-424b-9868-57a2d4851a1d" relativeResultsDirectory="ebeb6028-544f-4382-80e8-a91bd65dbb3f">
    </UnitTestResult>
  </Results>
</TestRun>