<?xml version="1.0" encoding="UTF-8"?>
<TestRun id="b2d98b64-2243-4812-9904-66ee560f21d0" name="paritoshlouhan@PARITOSH376002 2017-09-17 20:17:05" runUser="NAGARRO\paritoshlouhan" xmlns="http://microsoft.com/schemas/VisualStudio/TeamTest/2010">
  <TestSettings name="Default Test Settings" id="f3a361b9-f022-4b48-ad18-36834bfd6db3">
    <Execution>
      <TestTypeSpecific />
      <AgentRule name="Execution Agents">
      </AgentRule>
    </Execution>
    <Deployment runDeploymentRoot="paritoshlouhan_PARITOSH376002 2017-09-17 20_17_05" />
    <Properties />
  </TestSettings>
  <Times creation="2017-09-17T20:17:05.6916264+05:30" queuing="2017-09-17T20:17:06.1292945+05:30" start="2017-09-17T20:17:06.2380899+05:30" finish="2017-09-17T20:17:06.3117587+05:30" />
  <ResultSummary outcome="Completed">
    <Counters total="2" executed="2" passed="2" error="0" failed="0" timeout="0" aborted="0" inconclusive="0" passedButRunAborted="0" notRunnable="0" notExecuted="0" disconnected="0" warning="0" completed="0" inProgress="0" pending="0" />
  </ResultSummary>
  <TestDefinitions>
    <UnitTest name="TestAddIntegers" storage="d:\shared\demoproject\demoproject-test\bin\debug\demoproject-test.dll" id="8542d9c2-5830-2a93-0cf7-7fc2ac0cb6b0">
      <Execution timeOut="1800000" id="e1d23470-8bf8-473e-b166-d9b687a377d3" />
      <TestMethod codeBase="D:/Shared/demoProject/demoProject-test/bin/Debug/demoProject-test.dll" adapterTypeName="Microsoft.VisualStudio.TestTools.TestTypes.Unit.UnitTestAdapter, Microsoft.VisualStudio.QualityTools.Tips.UnitTest.Adapter, Version=14.0.0.0, Culture=neutral, PublicKeyToken=b03f5f7f11d50a3a" className="demoProject_test.AddTest, demoProject-test, Version=1.0.0.0, Culture=neutral, PublicKeyToken=null" name="TestAddIntegers" />
    </UnitTest>
    <UnitTest name="TestSubtractIntegers" storage="d:\shared\demoproject\demoproject-test\bin\debug\demoproject-test.dll" id="c27e89aa-15ec-d9c1-aa2b-3479b6143ad7">
      <Execution timeOut="1800000" id="03bca252-010a-4432-bfc1-07109bbdc86f" />
      <TestMethod codeBase="D:/Shared/demoProject/demoProject-test/bin/Debug/demoProject-test.dll" adapterTypeName="Microsoft.VisualStudio.TestTools.TestTypes.Unit.UnitTestAdapter, Microsoft.VisualStudio.QualityTools.Tips.UnitTest.Adapter, Version=14.0.0.0, Culture=neutral, PublicKeyToken=b03f5f7f11d50a3a" className="demoProject_test.SubtractTest, demoProject-test, Version=1.0.0.0, Culture=neutral, PublicKeyToken=null" name="TestSubtractIntegers" />
    </UnitTest>
  </TestDefinitions>
  <TestLists>
    <TestList name="Results Not in a List" id="8c84fa94-04c1-424b-9868-57a2d4851a1d" />
    <TestList name="All Loaded Results" id="19431567-8539-422a-85d7-44ee4e166bda" />
  </TestLists>
  <TestEntries>
    <TestEntry testId="8542d9c2-5830-2a93-0cf7-7fc2ac0cb6b0" executionId="e1d23470-8bf8-473e-b166-d9b687a377d3" testListId="8c84fa94-04c1-424b-9868-57a2d4851a1d" />
    <TestEntry testId="c27e89aa-15ec-d9c1-aa2b-3479b6143ad7" executionId="03bca252-010a-4432-bfc1-07109bbdc86f" testListId="8c84fa94-04c1-424b-9868-57a2d4851a1d" />
  </TestEntries>
  <Results>
    <UnitTestResult executionId="e1d23470-8bf8-473e-b166-d9b687a377d3" testId="8542d9c2-5830-2a93-0cf7-7fc2ac0cb6b0" testName="TestAddIntegers" computerName="PARITOSH376002" duration="00:00:00.0039948" startTime="2017-09-17T20:17:06.2511814+05:30" endTime="2017-09-17T20:17:06.2674255+05:30" testType="13cdc9d9-ddb5-4fa4-a97d-d965ccfc6d4b" outcome="Passed" testListId="8c84fa94-04c1-424b-9868-57a2d4851a1d" relativeResultsDirectory="e1d23470-8bf8-473e-b166-d9b687a377d3">
    </UnitTestResult>
    <UnitTestResult executionId="03bca252-010a-4432-bfc1-07109bbdc86f" testId="c27e89aa-15ec-d9c1-aa2b-3479b6143ad7" testName="TestSubtractIntegers" computerName="PARITOSH376002" duration="00:00:00.0004724" startTime="2017-09-17T20:17:06.2684665+05:30" endTime="2017-09-17T20:17:06.2694960+05:30" testType="13cdc9d9-ddb5-4fa4-a97d-d965ccfc6d4b" outcome="Passed" testListId="8c84fa94-04c1-424b-9868-57a2d4851a1d" relativeResultsDirectory="03bca252-010a-4432-bfc1-07109bbdc86f">
    </UnitTestResult>
  </Results>
</TestRun>