<?xml version="1.0" encoding="UTF-8"?>
<TestRun id="cbe03c96-bb4e-49e0-b588-2e96a74b243c" name="paritoshlouhan@PARITOSH376002 2017-09-09 19:46:29" runUser="NAGARRO\paritoshlouhan" xmlns="http://microsoft.com/schemas/VisualStudio/TeamTest/2010">
  <TestSettings name="Default Test Settings" id="b230da79-2813-4150-a933-ecc258502f32">
    <Execution>
      <TestTypeSpecific />
      <AgentRule name="Execution Agents">
      </AgentRule>
    </Execution>
    <Deployment runDeploymentRoot="paritoshlouhan_PARITOSH376002 2017-09-09 19_46_29" />
    <Properties />
  </TestSettings>
  <Times creation="2017-09-09T19:46:29.5266770+05:30" queuing="2017-09-09T19:46:29.7669253+05:30" start="2017-09-09T19:46:29.8517871+05:30" finish="2017-09-09T19:46:29.9150685+05:30" />
  <ResultSummary outcome="Completed">
    <Counters total="2" executed="2" passed="2" error="0" failed="0" timeout="0" aborted="0" inconclusive="0" passedButRunAborted="0" notRunnable="0" notExecuted="0" disconnected="0" warning="0" completed="0" inProgress="0" pending="0" />
  </ResultSummary>
  <TestDefinitions>
    <UnitTest name="TestAddIntegers" storage="d:\shared\project\demoproject\demoproject-test\bin\debug\demoproject-test.dll" id="8542d9c2-5830-2a93-0cf7-7fc2ac0cb6b0">
      <Execution timeOut="1800000" id="a7efaa71-fde4-4eaf-8211-5dc5f030c93b" />
      <TestMethod codeBase="D:/Shared/Project/demoProject/demoProject-test/bin/Debug/demoProject-test.dll" adapterTypeName="Microsoft.VisualStudio.TestTools.TestTypes.Unit.UnitTestAdapter, Microsoft.VisualStudio.QualityTools.Tips.UnitTest.Adapter, Version=14.0.0.0, Culture=neutral, PublicKeyToken=b03f5f7f11d50a3a" className="demoProject_test.AddTest, demoProject-test, Version=1.0.0.0, Culture=neutral, PublicKeyToken=null" name="TestAddIntegers" />
    </UnitTest>
    <UnitTest name="TestSubtractIntegers" storage="d:\shared\project\demoproject\demoproject-test\bin\debug\demoproject-test.dll" id="c27e89aa-15ec-d9c1-aa2b-3479b6143ad7">
      <Execution timeOut="1800000" id="1b805abf-c7b8-4071-aba3-013c9670c6ad" />
      <TestMethod codeBase="D:/Shared/Project/demoProject/demoProject-test/bin/Debug/demoProject-test.dll" adapterTypeName="Microsoft.VisualStudio.TestTools.TestTypes.Unit.UnitTestAdapter, Microsoft.VisualStudio.QualityTools.Tips.UnitTest.Adapter, Version=14.0.0.0, Culture=neutral, PublicKeyToken=b03f5f7f11d50a3a" className="demoProject_test.SubtractTest, demoProject-test, Version=1.0.0.0, Culture=neutral, PublicKeyToken=null" name="TestSubtractIntegers" />
    </UnitTest>
  </TestDefinitions>
  <TestLists>
    <TestList name="Results Not in a List" id="8c84fa94-04c1-424b-9868-57a2d4851a1d" />
    <TestList name="All Loaded Results" id="19431567-8539-422a-85d7-44ee4e166bda" />
  </TestLists>
  <TestEntries>
    <TestEntry testId="8542d9c2-5830-2a93-0cf7-7fc2ac0cb6b0" executionId="a7efaa71-fde4-4eaf-8211-5dc5f030c93b" testListId="8c84fa94-04c1-424b-9868-57a2d4851a1d" />
    <TestEntry testId="c27e89aa-15ec-d9c1-aa2b-3479b6143ad7" executionId="1b805abf-c7b8-4071-aba3-013c9670c6ad" testListId="8c84fa94-04c1-424b-9868-57a2d4851a1d" />
  </TestEntries>
  <Results>
    <UnitTestResult executionId="a7efaa71-fde4-4eaf-8211-5dc5f030c93b" testId="8542d9c2-5830-2a93-0cf7-7fc2ac0cb6b0" testName="TestAddIntegers" computerName="PARITOSH376002" duration="00:00:00.0032896" startTime="2017-09-09T19:46:29.8618920+05:30" endTime="2017-09-09T19:46:29.8823376+05:30" testType="13cdc9d9-ddb5-4fa4-a97d-d965ccfc6d4b" outcome="Passed" testListId="8c84fa94-04c1-424b-9868-57a2d4851a1d" relativeResultsDirectory="a7efaa71-fde4-4eaf-8211-5dc5f030c93b">
    </UnitTestResult>
    <UnitTestResult executionId="1b805abf-c7b8-4071-aba3-013c9670c6ad" testId="c27e89aa-15ec-d9c1-aa2b-3479b6143ad7" testName="TestSubtractIntegers" computerName="PARITOSH376002" duration="00:00:00.0012464" startTime="2017-09-09T19:46:29.8833660+05:30" endTime="2017-09-09T19:46:29.8864475+05:30" testType="13cdc9d9-ddb5-4fa4-a97d-d965ccfc6d4b" outcome="Passed" testListId="8c84fa94-04c1-424b-9868-57a2d4851a1d" relativeResultsDirectory="1b805abf-c7b8-4071-aba3-013c9670c6ad">
    </UnitTestResult>
  </Results>
</TestRun>