<?xml version="1.0" encoding="UTF-8"?>
<TestRun id="93fa6603-ec05-4541-97e7-f447b6c37c9e" name="paritoshlouhan@PARITOSH376002 2017-09-17 20:20:30" runUser="NAGARRO\paritoshlouhan" xmlns="http://microsoft.com/schemas/VisualStudio/TeamTest/2010">
  <TestSettings name="Default Test Settings" id="d2dd57c7-8bdd-4558-a443-5b2f10c48b7c">
    <Execution>
      <TestTypeSpecific />
      <AgentRule name="Execution Agents">
      </AgentRule>
    </Execution>
    <Deployment runDeploymentRoot="paritoshlouhan_PARITOSH376002 2017-09-17 20_20_30" />
    <Properties />
  </TestSettings>
  <Times creation="2017-09-17T20:20:30.6638336+05:30" queuing="2017-09-17T20:20:31.1164452+05:30" start="2017-09-17T20:20:31.2510495+05:30" finish="2017-09-17T20:20:31.3322236+05:30" />
  <ResultSummary outcome="Completed">
    <Counters total="2" executed="2" passed="2" error="0" failed="0" timeout="0" aborted="0" inconclusive="0" passedButRunAborted="0" notRunnable="0" notExecuted="0" disconnected="0" warning="0" completed="0" inProgress="0" pending="0" />
  </ResultSummary>
  <TestDefinitions>
    <UnitTest name="TestAddIntegers" storage="d:\shared\demoproject\demoproject-test\bin\debug\demoproject-test.dll" id="8542d9c2-5830-2a93-0cf7-7fc2ac0cb6b0">
      <Execution timeOut="1800000" id="3d92a7ad-07b4-4d5b-97c5-7853666357cc" />
      <TestMethod codeBase="D:/Shared/demoProject/demoProject-test/bin/Debug/demoProject-test.dll" adapterTypeName="Microsoft.VisualStudio.TestTools.TestTypes.Unit.UnitTestAdapter, Microsoft.VisualStudio.QualityTools.Tips.UnitTest.Adapter, Version=14.0.0.0, Culture=neutral, PublicKeyToken=b03f5f7f11d50a3a" className="demoProject_test.AddTest, demoProject-test, Version=1.0.0.0, Culture=neutral, PublicKeyToken=null" name="TestAddIntegers" />
    </UnitTest>
    <UnitTest name="TestSubtractIntegers" storage="d:\shared\demoproject\demoproject-test\bin\debug\demoproject-test.dll" id="c27e89aa-15ec-d9c1-aa2b-3479b6143ad7">
      <Execution timeOut="1800000" id="c947d5ec-b3a7-4037-8ad6-bd3c0057e279" />
      <TestMethod codeBase="D:/Shared/demoProject/demoProject-test/bin/Debug/demoProject-test.dll" adapterTypeName="Microsoft.VisualStudio.TestTools.TestTypes.Unit.UnitTestAdapter, Microsoft.VisualStudio.QualityTools.Tips.UnitTest.Adapter, Version=14.0.0.0, Culture=neutral, PublicKeyToken=b03f5f7f11d50a3a" className="demoProject_test.SubtractTest, demoProject-test, Version=1.0.0.0, Culture=neutral, PublicKeyToken=null" name="TestSubtractIntegers" />
    </UnitTest>
  </TestDefinitions>
  <TestLists>
    <TestList name="Results Not in a List" id="8c84fa94-04c1-424b-9868-57a2d4851a1d" />
    <TestList name="All Loaded Results" id="19431567-8539-422a-85d7-44ee4e166bda" />
  </TestLists>
  <TestEntries>
    <TestEntry testId="8542d9c2-5830-2a93-0cf7-7fc2ac0cb6b0" executionId="3d92a7ad-07b4-4d5b-97c5-7853666357cc" testListId="8c84fa94-04c1-424b-9868-57a2d4851a1d" />
    <TestEntry testId="c27e89aa-15ec-d9c1-aa2b-3479b6143ad7" executionId="c947d5ec-b3a7-4037-8ad6-bd3c0057e279" testListId="8c84fa94-04c1-424b-9868-57a2d4851a1d" />
  </TestEntries>
  <Results>
    <UnitTestResult executionId="3d92a7ad-07b4-4d5b-97c5-7853666357cc" testId="8542d9c2-5830-2a93-0cf7-7fc2ac0cb6b0" testName="TestAddIntegers" computerName="PARITOSH376002" duration="00:00:00.0049449" startTime="2017-09-17T20:20:31.2746235+05:30" endTime="2017-09-17T20:20:31.2952176+05:30" testType="13cdc9d9-ddb5-4fa4-a97d-d965ccfc6d4b" outcome="Passed" testListId="8c84fa94-04c1-424b-9868-57a2d4851a1d" relativeResultsDirectory="3d92a7ad-07b4-4d5b-97c5-7853666357cc">
    </UnitTestResult>
    <UnitTestResult executionId="c947d5ec-b3a7-4037-8ad6-bd3c0057e279" testId="c27e89aa-15ec-d9c1-aa2b-3479b6143ad7" testName="TestSubtractIntegers" computerName="PARITOSH376002" duration="00:00:00.0014680" startTime="2017-09-17T20:20:31.2964459+05:30" endTime="2017-09-17T20:20:31.2995329+05:30" testType="13cdc9d9-ddb5-4fa4-a97d-d965ccfc6d4b" outcome="Passed" testListId="8c84fa94-04c1-424b-9868-57a2d4851a1d" relativeResultsDirectory="c947d5ec-b3a7-4037-8ad6-bd3c0057e279">
    </UnitTestResult>
  </Results>
</TestRun>