<?xml version="1.0" encoding="UTF-8"?>
<TestRun id="e919ac78-2b3e-4f6b-ab2c-e4466ebb6b19" name="paritoshlouhan@PARITOSH376002 2017-09-09 20:21:56" runUser="NAGARRO\paritoshlouhan" xmlns="http://microsoft.com/schemas/VisualStudio/TeamTest/2010">
  <TestSettings name="Default Test Settings" id="39d379f4-b185-4d89-a102-3607826cafd0">
    <Execution>
      <TestTypeSpecific />
      <AgentRule name="Execution Agents">
      </AgentRule>
    </Execution>
    <Deployment runDeploymentRoot="paritoshlouhan_PARITOSH376002 2017-09-09 20_21_56" />
    <Properties />
  </TestSettings>
  <Times creation="2017-09-09T20:21:56.7776156+05:30" queuing="2017-09-09T20:21:57.2222683+05:30" start="2017-09-09T20:21:57.3505387+05:30" finish="2017-09-09T20:21:57.4141651+05:30" />
  <ResultSummary outcome="Completed">
    <Counters total="2" executed="2" passed="2" error="0" failed="0" timeout="0" aborted="0" inconclusive="0" passedButRunAborted="0" notRunnable="0" notExecuted="0" disconnected="0" warning="0" completed="0" inProgress="0" pending="0" />
  </ResultSummary>
  <TestDefinitions>
    <UnitTest name="TestAddIntegers" storage="d:\shared\project\demoproject\demoproject-test\bin\debug\demoproject-test.dll" id="8542d9c2-5830-2a93-0cf7-7fc2ac0cb6b0">
      <Execution timeOut="1800000" id="b064c6ad-2bdb-4caa-ad6a-cd537125cbdf" />
      <TestMethod codeBase="D:/Shared/Project/demoProject/demoProject-test/bin/Debug/demoProject-test.dll" adapterTypeName="Microsoft.VisualStudio.TestTools.TestTypes.Unit.UnitTestAdapter, Microsoft.VisualStudio.QualityTools.Tips.UnitTest.Adapter, Version=14.0.0.0, Culture=neutral, PublicKeyToken=b03f5f7f11d50a3a" className="demoProject_test.AddTest, demoProject-test, Version=1.0.0.0, Culture=neutral, PublicKeyToken=null" name="TestAddIntegers" />
    </UnitTest>
    <UnitTest name="TestSubtractIntegers" storage="d:\shared\project\demoproject\demoproject-test\bin\debug\demoproject-test.dll" id="c27e89aa-15ec-d9c1-aa2b-3479b6143ad7">
      <Execution timeOut="1800000" id="80dd343d-be1e-45af-a60f-22c0bb3449aa" />
      <TestMethod codeBase="D:/Shared/Project/demoProject/demoProject-test/bin/Debug/demoProject-test.dll" adapterTypeName="Microsoft.VisualStudio.TestTools.TestTypes.Unit.UnitTestAdapter, Microsoft.VisualStudio.QualityTools.Tips.UnitTest.Adapter, Version=14.0.0.0, Culture=neutral, PublicKeyToken=b03f5f7f11d50a3a" className="demoProject_test.SubtractTest, demoProject-test, Version=1.0.0.0, Culture=neutral, PublicKeyToken=null" name="TestSubtractIntegers" />
    </UnitTest>
  </TestDefinitions>
  <TestLists>
    <TestList name="Results Not in a List" id="8c84fa94-04c1-424b-9868-57a2d4851a1d" />
    <TestList name="All Loaded Results" id="19431567-8539-422a-85d7-44ee4e166bda" />
  </TestLists>
  <TestEntries>
    <TestEntry testId="8542d9c2-5830-2a93-0cf7-7fc2ac0cb6b0" executionId="b064c6ad-2bdb-4caa-ad6a-cd537125cbdf" testListId="8c84fa94-04c1-424b-9868-57a2d4851a1d" />
    <TestEntry testId="c27e89aa-15ec-d9c1-aa2b-3479b6143ad7" executionId="80dd343d-be1e-45af-a60f-22c0bb3449aa" testListId="8c84fa94-04c1-424b-9868-57a2d4851a1d" />
  </TestEntries>
  <Results>
    <UnitTestResult executionId="b064c6ad-2bdb-4caa-ad6a-cd537125cbdf" testId="8542d9c2-5830-2a93-0cf7-7fc2ac0cb6b0" testName="TestAddIntegers" computerName="PARITOSH376002" duration="00:00:00.0092168" startTime="2017-09-09T20:21:57.3609008+05:30" endTime="2017-09-09T20:21:57.3813717+05:30" testType="13cdc9d9-ddb5-4fa4-a97d-d965ccfc6d4b" outcome="Passed" testListId="8c84fa94-04c1-424b-9868-57a2d4851a1d" relativeResultsDirectory="b064c6ad-2bdb-4caa-ad6a-cd537125cbdf">
    </UnitTestResult>
    <UnitTestResult executionId="80dd343d-be1e-45af-a60f-22c0bb3449aa" testId="c27e89aa-15ec-d9c1-aa2b-3479b6143ad7" testName="TestSubtractIntegers" computerName="PARITOSH376002" duration="00:00:00.0003915" startTime="2017-09-09T20:21:57.3823965+05:30" endTime="2017-09-09T20:21:57.3834308+05:30" testType="13cdc9d9-ddb5-4fa4-a97d-d965ccfc6d4b" outcome="Passed" testListId="8c84fa94-04c1-424b-9868-57a2d4851a1d" relativeResultsDirectory="80dd343d-be1e-45af-a60f-22c0bb3449aa">
    </UnitTestResult>
  </Results>
</TestRun>